This is pdfTeX, Version 3.141592653-2.6-1.40.25 (TeX Live 2023) (preloaded format=pdflatex 2024.2.20)  23 FEB 2024 11:56
entering extended mode
 restricted \write18 enabled.
 file:line:error style messages enabled.
 %&-line parsing enabled.
**/home/mauricio/Desktop/pessoal/rl/articles/article.tex
(/home/mauricio/Desktop/pessoal/rl/articles/article.tex
LaTeX2e <2023-11-01> patch level 1
L3 programming layer <2024-02-13>
(/usr/local/texlive/2023/texmf-dist/tex/latex/base/article.cls
Document Class: article 2023/05/17 v1.4n Standard LaTeX document class
(/usr/local/texlive/2023/texmf-dist/tex/latex/base/size10.clo
File: size10.clo 2023/05/17 v1.4n Standard LaTeX file (size option)
)
\c@part=\count188
\c@section=\count189
\c@subsection=\count190
\c@subsubsection=\count191
\c@paragraph=\count192
\c@subparagraph=\count193
\c@figure=\count194
\c@table=\count195
\abovecaptionskip=\skip48
\belowcaptionskip=\skip49
\bibindent=\dimen140
) (./simpleConference.sty
\@ctmp=\skip50
\@figindent=\skip51
) (/usr/local/texlive/2023/texmf-dist/tex/latex/psnfss/times.sty
Package: times 2020/03/25 PSNFSS-v9.3 (SPQR) 
) (/usr/local/texlive/2023/texmf-dist/tex/latex/graphics/graphicx.sty
Package: graphicx 2021/09/16 v1.2d Enhanced LaTeX Graphics (DPC,SPQR)
 (/usr/local/texlive/2023/texmf-dist/tex/latex/graphics/keyval.sty
Package: keyval 2022/05/29 v1.15 key=value parser (DPC)
\KV@toks@=\toks17
) (/usr/local/texlive/2023/texmf-dist/tex/latex/graphics/graphics.sty
Package: graphics 2022/03/10 v1.4e Standard LaTeX Graphics (DPC,SPQR)
 (/usr/local/texlive/2023/texmf-dist/tex/latex/graphics/trig.sty
Package: trig 2021/08/11 v1.11 sin cos tan (DPC)
) (/usr/local/texlive/2023/texmf-dist/tex/latex/graphics-cfg/graphics.cfg
File: graphics.cfg 2016/06/04 v1.11 sample graphics configuration
)
Package graphics Info: Driver file: pdftex.def on input line 107.
 (/usr/local/texlive/2023/texmf-dist/tex/latex/graphics-def/pdftex.def
File: pdftex.def 2022/09/22 v1.2b Graphics/color driver for pdftex
))
\Gin@req@height=\dimen141
\Gin@req@width=\dimen142
) (/usr/local/texlive/2023/texmf-dist/tex/latex/amsfonts/amssymb.sty
Package: amssymb 2013/01/14 v3.01 AMS font symbols
 (/usr/local/texlive/2023/texmf-dist/tex/latex/amsfonts/amsfonts.sty
Package: amsfonts 2013/01/14 v3.01 Basic AMSFonts support
\@emptytoks=\toks18
\symAMSa=\mathgroup4
\symAMSb=\mathgroup5
LaTeX Font Info:    Redeclaring math symbol \hbar on input line 98.
LaTeX Font Info:    Overwriting math alphabet `\mathfrak' in version `bold'
(Font)                  U/euf/m/n --> U/euf/b/n on input line 106.
)) (/usr/local/texlive/2023/texmf-dist/tex/latex/url/url.sty
\Urlmuskip=\muskip16
Package: url 2013/09/16  ver 3.4  Verb mode for urls, etc.
) (/usr/local/texlive/2023/texmf-dist/tex/latex/hyperref/hyperref.sty
Package: hyperref 2024-01-20 v7.01h Hypertext links for LaTeX
 (/usr/local/texlive/2023/texmf-dist/tex/generic/iftex/iftex.sty
Package: iftex 2022/02/03 v1.0f TeX engine tests
) (/usr/local/texlive/2023/texmf-dist/tex/latex/kvsetkeys/kvsetkeys.sty
Package: kvsetkeys 2022-10-05 v1.19 Key value parser (HO)
) (/usr/local/texlive/2023/texmf-dist/tex/generic/kvdefinekeys/kvdefinekeys.sty
Package: kvdefinekeys 2019-12-19 v1.6 Define keys (HO)
) (/usr/local/texlive/2023/texmf-dist/tex/generic/pdfescape/pdfescape.sty
Package: pdfescape 2019/12/09 v1.15 Implements pdfTeX's escape features (HO)
 (/usr/local/texlive/2023/texmf-dist/tex/generic/ltxcmds/ltxcmds.sty
Package: ltxcmds 2023-12-04 v1.26 LaTeX kernel commands for general use (HO)
) (/usr/local/texlive/2023/texmf-dist/tex/generic/pdftexcmds/pdftexcmds.sty
Package: pdftexcmds 2020-06-27 v0.33 Utility functions of pdfTeX for LuaTeX (HO)
 (/usr/local/texlive/2023/texmf-dist/tex/generic/infwarerr/infwarerr.sty
Package: infwarerr 2019/12/03 v1.5 Providing info/warning/error messages (HO)
)
Package pdftexcmds Info: \pdf@primitive is available.
Package pdftexcmds Info: \pdf@ifprimitive is available.
Package pdftexcmds Info: \pdfdraftmode found.
)) (/usr/local/texlive/2023/texmf-dist/tex/latex/hycolor/hycolor.sty
Package: hycolor 2020-01-27 v1.10 Color options for hyperref/bookmark (HO)
) (/usr/local/texlive/2023/texmf-dist/tex/latex/auxhook/auxhook.sty
Package: auxhook 2019-12-17 v1.6 Hooks for auxiliary files (HO)
) (/usr/local/texlive/2023/texmf-dist/tex/latex/hyperref/nameref.sty
Package: nameref 2023-11-26 v2.56 Cross-referencing by name of section
 (/usr/local/texlive/2023/texmf-dist/tex/latex/refcount/refcount.sty
Package: refcount 2019/12/15 v3.6 Data extraction from label references (HO)
) (/usr/local/texlive/2023/texmf-dist/tex/generic/gettitlestring/gettitlestring.sty
Package: gettitlestring 2019/12/15 v1.6 Cleanup title references (HO)
 (/usr/local/texlive/2023/texmf-dist/tex/latex/kvoptions/kvoptions.sty
Package: kvoptions 2022-06-15 v3.15 Key value format for package options (HO)
))
\c@section@level=\count196
) (/usr/local/texlive/2023/texmf-dist/tex/latex/etoolbox/etoolbox.sty
Package: etoolbox 2020/10/05 v2.5k e-TeX tools for LaTeX (JAW)
\etb@tempcnta=\count197
)
\@linkdim=\dimen143
\Hy@linkcounter=\count198
\Hy@pagecounter=\count199
 (/usr/local/texlive/2023/texmf-dist/tex/latex/hyperref/pd1enc.def
File: pd1enc.def 2024-01-20 v7.01h Hyperref: PDFDocEncoding definition (HO)
Now handling font encoding PD1 ...
... no UTF-8 mapping file for font encoding PD1
) (/usr/local/texlive/2023/texmf-dist/tex/generic/intcalc/intcalc.sty
Package: intcalc 2019/12/15 v1.3 Expandable calculations with integers (HO)
)
\Hy@SavedSpaceFactor=\count266
 (/usr/local/texlive/2023/texmf-dist/tex/latex/hyperref/puenc.def
File: puenc.def 2024-01-20 v7.01h Hyperref: PDF Unicode definition (HO)
Now handling font encoding PU ...
... no UTF-8 mapping file for font encoding PU
)
Package hyperref Info: Hyper figures OFF on input line 4179.
Package hyperref Info: Link nesting OFF on input line 4184.
Package hyperref Info: Hyper index ON on input line 4187.
Package hyperref Info: Plain pages OFF on input line 4194.
Package hyperref Info: Backreferencing OFF on input line 4199.
Package hyperref Info: Implicit mode ON; LaTeX internals redefined.
Package hyperref Info: Bookmarks ON on input line 4446.
\c@Hy@tempcnt=\count267
LaTeX Info: Redefining \url on input line 4784.
\XeTeXLinkMargin=\dimen144
 (/usr/local/texlive/2023/texmf-dist/tex/generic/bitset/bitset.sty
Package: bitset 2019/12/09 v1.3 Handle bit-vector datatype (HO)
 (/usr/local/texlive/2023/texmf-dist/tex/generic/bigintcalc/bigintcalc.sty
Package: bigintcalc 2019/12/15 v1.5 Expandable calculations on big integers (HO)
))
\Fld@menulength=\count268
\Field@Width=\dimen145
\Fld@charsize=\dimen146
Package hyperref Info: Hyper figures OFF on input line 6063.
Package hyperref Info: Link nesting OFF on input line 6068.
Package hyperref Info: Hyper index ON on input line 6071.
Package hyperref Info: backreferencing OFF on input line 6078.
Package hyperref Info: Link coloring OFF on input line 6083.
Package hyperref Info: Link coloring with OCG OFF on input line 6088.
Package hyperref Info: PDF/A mode OFF on input line 6093.
 (/usr/local/texlive/2023/texmf-dist/tex/latex/base/atbegshi-ltx.sty
Package: atbegshi-ltx 2021/01/10 v1.0c Emulation of the original atbegshi
package with kernel methods
)
\Hy@abspage=\count269
\c@Item=\count270
\c@Hfootnote=\count271
)
Package hyperref Info: Driver (autodetected): hpdftex.
 (/usr/local/texlive/2023/texmf-dist/tex/latex/hyperref/hpdftex.def
File: hpdftex.def 2024-01-20 v7.01h Hyperref driver for pdfTeX
 (/usr/local/texlive/2023/texmf-dist/tex/latex/base/atveryend-ltx.sty
Package: atveryend-ltx 2020/08/19 v1.0a Emulation of the original atveryend package
with kernel methods
)
\Fld@listcount=\count272
\c@bookmark@seq@number=\count273
 (/usr/local/texlive/2023/texmf-dist/tex/latex/rerunfilecheck/rerunfilecheck.sty
Package: rerunfilecheck 2022-07-10 v1.10 Rerun checks for auxiliary files (HO)
 (/usr/local/texlive/2023/texmf-dist/tex/generic/uniquecounter/uniquecounter.sty
Package: uniquecounter 2019/12/15 v1.4 Provide unlimited unique counter (HO)
)
Package uniquecounter Info: New unique counter `rerunfilecheck' on input line 285.
)
\Hy@SectionHShift=\skip52
) (/usr/local/texlive/2023/texmf-dist/tex/latex/caption/caption.sty
Package: caption 2023/08/05 v3.6o Customizing captions (AR)
 (/usr/local/texlive/2023/texmf-dist/tex/latex/caption/caption3.sty
Package: caption3 2023/07/31 v2.4d caption3 kernel (AR)
\caption@tempdima=\dimen147
\captionmargin=\dimen148
\caption@leftmargin=\dimen149
\caption@rightmargin=\dimen150
\caption@width=\dimen151
\caption@indent=\dimen152
\caption@parindent=\dimen153
\caption@hangindent=\dimen154
Package caption Info: Unknown document class (or package),
(caption)             standard defaults will be used.
Package caption Info: \@makecaption = \long macro:#1#2-> \vskip 10pt \setbox \@tempboxa \hbox {\tenhv \noindent #1.~#2} \setlength {\@ctmp }{\hsize } \addtolength {\@ctmp }{-\@figindent }\addtolength {\@ctmp }{-\@figindent } \ifdim \wd \@tempboxa >\@ctmp \begin {list}{}{\leftmargin \@figindent \rightmargin \leftmargin } \item []\tenhv #1.~#2\par \end {list} \else \hbox to\hsize {\hfil \box \@tempboxa \hfil } \fi  on input line 1175.
)

Package caption Warning: Unknown document class (or package),
(caption)                standard defaults will be used.
See the caption package documentation for explanation.

\c@caption@flags=\count274
\c@continuedfloat=\count275
Package caption Info: hyperref package is loaded.
) (/usr/local/texlive/2023/texmf-dist/tex/latex/amsmath/amsmath.sty
Package: amsmath 2023/05/13 v2.17o AMS math features
\@mathmargin=\skip53

For additional information on amsmath, use the `?' option.
(/usr/local/texlive/2023/texmf-dist/tex/latex/amsmath/amstext.sty
Package: amstext 2021/08/26 v2.01 AMS text
 (/usr/local/texlive/2023/texmf-dist/tex/latex/amsmath/amsgen.sty
File: amsgen.sty 1999/11/30 v2.0 generic functions
\@emptytoks=\toks19
\ex@=\dimen155
)) (/usr/local/texlive/2023/texmf-dist/tex/latex/amsmath/amsbsy.sty
Package: amsbsy 1999/11/29 v1.2d Bold Symbols
\pmbraise@=\dimen156
) (/usr/local/texlive/2023/texmf-dist/tex/latex/amsmath/amsopn.sty
Package: amsopn 2022/04/08 v2.04 operator names
)
\inf@bad=\count276
LaTeX Info: Redefining \frac on input line 234.
\uproot@=\count277
\leftroot@=\count278
LaTeX Info: Redefining \overline on input line 399.
LaTeX Info: Redefining \colon on input line 410.
\classnum@=\count279
\DOTSCASE@=\count280
LaTeX Info: Redefining \ldots on input line 496.
LaTeX Info: Redefining \dots on input line 499.
LaTeX Info: Redefining \cdots on input line 620.
\Mathstrutbox@=\box51
\strutbox@=\box52
LaTeX Info: Redefining \big on input line 722.
LaTeX Info: Redefining \Big on input line 723.
LaTeX Info: Redefining \bigg on input line 724.
LaTeX Info: Redefining \Bigg on input line 725.
\big@size=\dimen157
LaTeX Font Info:    Redeclaring font encoding OML on input line 743.
LaTeX Font Info:    Redeclaring font encoding OMS on input line 744.
\macc@depth=\count281
LaTeX Info: Redefining \bmod on input line 905.
LaTeX Info: Redefining \pmod on input line 910.
LaTeX Info: Redefining \smash on input line 940.
LaTeX Info: Redefining \relbar on input line 970.
LaTeX Info: Redefining \Relbar on input line 971.
\c@MaxMatrixCols=\count282
\dotsspace@=\muskip17
\c@parentequation=\count283
\dspbrk@lvl=\count284
\tag@help=\toks20
\row@=\count285
\column@=\count286
\maxfields@=\count287
\andhelp@=\toks21
\eqnshift@=\dimen158
\alignsep@=\dimen159
\tagshift@=\dimen160
\tagwidth@=\dimen161
\totwidth@=\dimen162
\lineht@=\dimen163
\@envbody=\toks22
\multlinegap=\skip54
\multlinetaggap=\skip55
\mathdisplay@stack=\toks23
LaTeX Info: Redefining \[ on input line 2953.
LaTeX Info: Redefining \] on input line 2954.
) (/usr/local/texlive/2023/texmf-dist/tex/latex/booktabs/booktabs.sty
Package: booktabs 2020/01/12 v1.61803398 Publication quality tables
\heavyrulewidth=\dimen164
\lightrulewidth=\dimen165
\cmidrulewidth=\dimen166
\belowrulesep=\dimen167
\belowbottomsep=\dimen168
\aboverulesep=\dimen169
\abovetopsep=\dimen170
\cmidrulesep=\dimen171
\cmidrulekern=\dimen172
\defaultaddspace=\dimen173
\@cmidla=\count288
\@cmidlb=\count289
\@aboverulesep=\dimen174
\@belowrulesep=\dimen175
\@thisruleclass=\count290
\@lastruleclass=\count291
\@thisrulewidth=\dimen176
)
LaTeX Font Info:    Trying to load font information for OT1+ptm on input line 11.
 (/usr/local/texlive/2023/texmf-dist/tex/latex/psnfss/ot1ptm.fd
File: ot1ptm.fd 2001/06/04 font definitions for OT1/ptm.
) (/usr/local/texlive/2023/texmf-dist/tex/latex/l3backend/l3backend-pdftex.def
File: l3backend-pdftex.def 2024-01-04 L3 backend support: PDF output (pdfTeX)
\l__color_backend_stack_int=\count292
\l__pdf_internal_box=\box53
) (./article.aux)
\openout1 = `article.aux'.

LaTeX Font Info:    Checking defaults for OML/cmm/m/it on input line 11.
LaTeX Font Info:    ... okay on input line 11.
LaTeX Font Info:    Checking defaults for OMS/cmsy/m/n on input line 11.
LaTeX Font Info:    ... okay on input line 11.
LaTeX Font Info:    Checking defaults for OT1/cmr/m/n on input line 11.
LaTeX Font Info:    ... okay on input line 11.
LaTeX Font Info:    Checking defaults for T1/cmr/m/n on input line 11.
LaTeX Font Info:    ... okay on input line 11.
LaTeX Font Info:    Checking defaults for TS1/cmr/m/n on input line 11.
LaTeX Font Info:    ... okay on input line 11.
LaTeX Font Info:    Checking defaults for OMX/cmex/m/n on input line 11.
LaTeX Font Info:    ... okay on input line 11.
LaTeX Font Info:    Checking defaults for U/cmr/m/n on input line 11.
LaTeX Font Info:    ... okay on input line 11.
LaTeX Font Info:    Checking defaults for PD1/pdf/m/n on input line 11.
LaTeX Font Info:    ... okay on input line 11.
LaTeX Font Info:    Checking defaults for PU/pdf/m/n on input line 11.
LaTeX Font Info:    ... okay on input line 11.
 (/usr/local/texlive/2023/texmf-dist/tex/context/base/mkii/supp-pdf.mkii
[Loading MPS to PDF converter (version 2006.09.02).]
\scratchcounter=\count293
\scratchdimen=\dimen177
\scratchbox=\box54
\nofMPsegments=\count294
\nofMParguments=\count295
\everyMPshowfont=\toks24
\MPscratchCnt=\count296
\MPscratchDim=\dimen178
\MPnumerator=\count297
\makeMPintoPDFobject=\count298
\everyMPtoPDFconversion=\toks25
) (/usr/local/texlive/2023/texmf-dist/tex/latex/epstopdf-pkg/epstopdf-base.sty
Package: epstopdf-base 2020-01-24 v2.11 Base part for package epstopdf
Package epstopdf-base Info: Redefining graphics rule for `.eps' on input line 485.
 (/usr/local/texlive/2023/texmf-dist/tex/latex/latexconfig/epstopdf-sys.cfg
File: epstopdf-sys.cfg 2010/07/13 v1.3 Configuration of (r)epstopdf for TeX Live
))
Package hyperref Info: Link coloring OFF on input line 11.
 (./article.out) (./article.out)
\@outlinefile=\write3
\openout3 = `article.out'.

Package caption Info: Begin \AtBeginDocument code.
Package caption Info: End \AtBeginDocument code.
LaTeX Font Info:    Trying to load font information for U+msa on input line 21.
 (/usr/local/texlive/2023/texmf-dist/tex/latex/amsfonts/umsa.fd
File: umsa.fd 2013/01/14 v3.01 AMS symbols A
)
LaTeX Font Info:    Trying to load font information for U+msb on input line 21.
 (/usr/local/texlive/2023/texmf-dist/tex/latex/amsfonts/umsb.fd
File: umsb.fd 2013/01/14 v3.01 AMS symbols B
)
Underfull \hbox (badness 1199) in paragraph at lines 24--31
\OT1/ptm/m/it/10 ap-ply-ing ra-dial ba-sis func-tions (RBF) and poly-no-mial
 []


Underfull \hbox (badness 1845) in paragraph at lines 24--31
\OT1/ptm/m/it/10 fea-ture se-lec-tions on episodic semi-gradient TD(0) to
 []


Underfull \hbox (badness 1515) in paragraph at lines 24--31
\OT1/ptm/m/it/10 is ex-posed based on the num-ber of train-ing ses-sions
 []


Underfull \hbox (badness 10000) in paragraph at lines 24--31

 []


Underfull \hbox (badness 2158) in paragraph at lines 24--31
\OT1/ptm/b/it/10 Keywords: \OT1/ptm/m/it/10 Re-in-force-ment Learn-ing, Tem-po-ral Dif-fer-
 []

<mountain-car.png, id=42, 604.50844pt x 487.8225pt>
File: mountain-car.png Graphic file (type png)
<use mountain-car.png>
Package pdftex.def Info: mountain-car.png  used on input line 46.
(pdftex.def)             Requested size: 120.89954pt x 97.56276pt.

Underfull \hbox (badness 10000) in paragraph at lines 52--60

 []


Underfull \hbox (badness 10000) in paragraph at lines 52--60

 []


Underfull \hbox (badness 2707) in paragraph at lines 52--60
\OT1/ptm/m/n/10 Where $\OML/cmm/m/it/10 p[] \OMS/cmsy/m/n/10 2 \OT1/cmr/m/n/10 [\OMS/cmsy/m/n/10 ^^@\OT1/cmr/m/n/10 1\OML/cmm/m/it/10 :\OT1/cmr/m/n/10 2\OML/cmm/m/it/10 ; \OT1/cmr/m/n/10 0\OML/cmm/m/it/10 :\OT1/cmr/m/n/10 5]$\OT1/ptm/m/n/10 , $\OML/cmm/m/it/10 v[] \OMS/cmsy/m/n/10 2 \OT1/cmr/m/n/10 [\OMS/cmsy/m/n/10 ^^@\OT1/cmr/m/n/10 0\OML/cmm/m/it/10 :\OT1/cmr/m/n/10 07\OML/cmm/m/it/10 ; \OT1/cmr/m/n/10 0\OML/cmm/m/it/10 :\OT1/cmr/m/n/10 07]$ \OT1/ptm/m/n/10 and
 []


Underfull \hbox (badness 10000) in paragraph at lines 63--75

 []


Underfull \hbox (badness 10000) in paragraph at lines 63--75

 []


Underfull \hbox (badness 4673) in paragraph at lines 63--75
\OT1/ptm/m/n/10 And the gradient-descent up-date for action-value is
 []


Underfull \hbox (badness 10000) in paragraph at lines 63--75

 []


Underfull \hbox (badness 10000) in paragraph at lines 63--75
\OT1/cmr/bx/n/10 w[] \OT1/cmr/m/n/10 = \OT1/cmr/bx/n/10 w[] \OT1/cmr/m/n/10 + \OML/cmm/m/it/10 \OT1/cmr/m/n/10 [\OML/cmm/m/it/10 R[] \OT1/cmr/m/n/10 + \OML/cmm/m/it/10 ^^M[]\OT1/cmr/m/n/10 (\OML/cmm/m/it/10 S[]; A[]; \OT1/cmr/bx/n/10 w\OT1/cmr/m/n/10 ) \OMS/cmsy/m/n/10 ^^@
 []


Underfull \hbox (badness 10000) in paragraph at lines 63--75

 []

[1{/usr/local/texlive/2023/texmf-var/fonts/map/pdftex/updmap/pdftex.map}{/usr/local/texlive/2023/texmf-dist/fonts/enc/dvips/base/8r.enc}


 <./mountain-car.png (PNG copy)>]
Underfull \hbox (badness 10000) in paragraph at lines 88--98
\OT1/ptm/m/n/10 sid-er-ing \OT1/ptm/m/it/10 train-ing ses-sion \OT1/ptm/m/n/10 the pro-cess of up-dat-ing
 []


Underfull \hbox (badness 1824) in paragraph at lines 88--98
\OT1/ptm/m/n/10 the weights based on TD(0) start-ing from a ran-dom
 []


Underfull \hbox (badness 4266) in paragraph at lines 88--98
\OT1/ptm/m/n/10 der to ob-tain a sat-is-fac-tory con-ver-gence rate, each
 []


Underfull \hbox (badness 1946) in paragraph at lines 88--98
\OT1/ptm/m/it/10 train-ing ses-sion \OT1/ptm/m/n/10 is con-fig-ured with a set of pa-ram-e-
 []


Underfull \hbox (badness 2680) in paragraph at lines 88--98
\OT1/ptm/m/n/10 ters $\OML/cmm/m/it/10 $\OT1/ptm/m/n/10 , $\OML/cmm/m/it/10 ^^M$\OT1/ptm/m/n/10 , $\OML/cmm/m/it/10 ^^O$\OT1/ptm/m/n/10 , \OT1/ptm/m/it/10 poly-no-mial di-men-sion \OT1/ptm/m/n/10 (for poly-no-mial
 []


Underfull \hbox (badness 3568) in paragraph at lines 88--98
\OT1/ptm/m/n/10 model) and \OT1/ptm/m/it/10 proto points \OT1/ptm/m/n/10 (for RBF) . where $\OML/cmm/m/it/10  \OMS/cmsy/m/n/10 2
 []


Overfull \hbox (5.08656pt too wide) in paragraph at lines 88--98
\OMS/cmsy/m/n/10 f\OT1/cmr/m/n/10 0\OML/cmm/m/it/10 :\OT1/cmr/m/n/10 010\OML/cmm/m/it/10 ; \OT1/cmr/m/n/10 0\OML/cmm/m/it/10 :\OT1/cmr/m/n/10 025\OML/cmm/m/it/10 ; \OT1/cmr/m/n/10 0\OML/cmm/m/it/10 :\OT1/cmr/m/n/10 05\OML/cmm/m/it/10 ; \OT1/cmr/m/n/10 0\OML/cmm/m/it/10 :\OT1/cmr/m/n/10 075\OML/cmm/m/it/10 ; \OT1/cmr/m/n/10 0\OML/cmm/m/it/10 :\OT1/cmr/m/n/10 1\OML/cmm/m/it/10 ; \OT1/cmr/m/n/10 0\OML/cmm/m/it/10 :\OT1/cmr/m/n/10 125\OML/cmm/m/it/10 ; \OT1/cmr/m/n/10 0\OML/cmm/m/it/10 :\OT1/cmr/m/n/10 150\OML/cmm/m/it/10 ; \OT1/cmr/m/n/10 0\OML/cmm/m/it/10 :\OT1/cmr/m/n/10 175\OML/cmm/m/it/10 ; \OT1/cmr/m/n/10 0\OML/cmm/m/it/10 :\OT1/cmr/m/n/10 2\OML/cmm/m/it/10 ; \OT1/cmr/m/n/10 0\OML/cmm/m/it/10 :\OT1/cmr/m/n/10 4\OML/cmm/m/it/10 ; [] 
 []


Underfull \hbox (badness 10000) in paragraph at lines 88--98
[] \OMS/cmsy/m/n/10 2 f\OT1/cmr/m/n/10 2\OML/cmm/m/it/10 ; \OT1/cmr/m/n/10 3\OML/cmm/m/it/10 ; \OT1/cmr/m/n/10 4\OML/cmm/m/it/10 ; \OT1/cmr/m/n/10 5\OML/cmm/m/it/10 ; \OT1/cmr/m/n/10 6\OML/cmm/m/it/10 ; \OT1/cmr/m/n/10 7\OML/cmm/m/it/10 ; \OT1/cmr/m/n/10 8\OML/cmm/m/it/10 ; \OT1/cmr/m/n/10 9\OML/cmm/m/it/10 ; \OT1/cmr/m/n/10 10\OMS/cmsy/m/n/10 g$\OT1/ptm/m/n/10 ,
 []


Underfull \hbox (badness 1320) in paragraph at lines 88--98
[] \OMS/cmsy/m/n/10 2 f\OT1/cmr/m/n/10 8\OML/cmm/m/it/10 ; \OT1/cmr/m/n/10 12\OML/cmm/m/it/10 ; \OT1/cmr/m/n/10 18\OML/cmm/m/it/10 ; \OT1/cmr/m/n/10 21\OML/cmm/m/it/10 ; \OT1/cmr/m/n/10 27\OML/cmm/m/it/10 ; \OT1/cmr/m/n/10 36\OML/cmm/m/it/10 ; \OT1/cmr/m/n/10 52\OMS/cmsy/m/n/10 g$\OT1/ptm/m/n/10 .
 []


Underfull \hbox (badness 2181) in paragraph at lines 100--118
[]\OT1/ptm/m/n/10 The state space in the "mountain-car" prob-lem is
 []


Underfull \hbox (badness 1087) in paragraph at lines 100--118
\OT1/ptm/m/n/10 ap-prox-i-ma-tion for re-in-force-ment learn-ing has much in
 []


Underfull \hbox (badness 2142) in paragraph at lines 100--118
\OT1/ptm/m/n/10 com-mon with the fa-mil-iar tasks of in-ter-po-la-tion and
 []


Underfull \hbox (badness 10000) in paragraph at lines 100--118

 []


Underfull \hbox (badness 10000) in paragraph at lines 100--118

 []


Underfull \hbox (badness 10000) in paragraph at lines 100--118

 []


Underfull \hbox (badness 10000) in paragraph at lines 100--118

 []

<rbf.png, id=75, 771.63281pt x 545.03625pt>
File: rbf.png Graphic file (type png)
<use rbf.png>
Package pdftex.def Info: rbf.png  used on input line 126.
(pdftex.def)             Requested size: 154.32382pt x 109.00531pt.

Underfull \hbox (badness 2343) in paragraph at lines 120--138
\OT1/ptm/m/n/10 adopted the parametriza-tion $[]$.
 []


Underfull \hbox (badness 2608) in paragraph at lines 120--138
\OT1/ptm/m/n/10 To il-lus-trate the proto points dis-tri-bu-tion, if we set
 []


Underfull \hbox (badness 10000) in paragraph at lines 120--138

 []


Underfull \hbox (badness 10000) in paragraph at lines 120--138

 []

[2 <./rbf.png (PNG copy)>]
<histogram-polynomial-convergent-training-sessions.png, id=91, 947.54pt x 585.18625pt>
File: histogram-polynomial-convergent-training-sessions.png Graphic file (type png)
<use histogram-polynomial-convergent-training-sessions.png>
Package pdftex.def Info: histogram-polynomial-convergent-training-sessions.png  used on input line 156.
(pdftex.def)             Requested size: 236.88441pt x 146.2962pt.
<means-of-trajectory-sizes-for-polynomial-convergent-models.png, id=93, 947.54pt x 585.18625pt>
File: means-of-trajectory-sizes-for-polynomial-convergent-models.png Graphic file (type png)
<use means-of-trajectory-sizes-for-polynomial-convergent-models.png>
Package pdftex.def Info: means-of-trajectory-sizes-for-polynomial-convergent-models.png  used on input line 162.
(pdftex.def)             Requested size: 236.88441pt x 146.2962pt.

Underfull \hbox (badness 1331) in paragraph at lines 169--177
[]\OT1/ptm/m/n/10 The same dis-count-ings were used for RBF fea-ture
 []


Underfull \vbox (badness 1383) has occurred while \output is active []

 [3 <./histogram-polynomial-convergent-training-sessions.png> <./means-of-trajectory-sizes-for-polynomial-convergent-models.png>]
<histogram-rbf-convergent-training-sessions.png, id=111, 947.54pt x 585.18625pt>
File: histogram-rbf-convergent-training-sessions.png Graphic file (type png)
<use histogram-rbf-convergent-training-sessions.png>
Package pdftex.def Info: histogram-rbf-convergent-training-sessions.png  used on input line 179.
(pdftex.def)             Requested size: 236.88441pt x 146.2962pt.
<means-of-trajectory-sizes-for-rbf-convergent-models.png, id=112, 947.54pt x 585.18625pt>
File: means-of-trajectory-sizes-for-rbf-convergent-models.png Graphic file (type png)
<use means-of-trajectory-sizes-for-rbf-convergent-models.png>
Package pdftex.def Info: means-of-trajectory-sizes-for-rbf-convergent-models.png  used on input line 185.
(pdftex.def)             Requested size: 236.88441pt x 146.2962pt.
LaTeX Font Info:    Trying to load font information for OT1+pcr on input line 216.
 (/usr/local/texlive/2023/texmf-dist/tex/latex/psnfss/ot1pcr.fd
File: ot1pcr.fd 2001/06/04 font definitions for OT1/pcr.
) [4 <./histogram-rbf-convergent-training-sessions.png> <./means-of-trajectory-sizes-for-rbf-convergent-models.png>] (./article.bbl
Underfull \hbox (badness 1454) in paragraph at lines 14--17
[]\OT1/ptm/m/n/10 I. Pires, F. Hus-sain, N. Gar-cia, P. Lameski, and
 []

)
Overfull \hbox (3.06467pt too wide) in paragraph at lines 335--370
 [][] 
 []

[5

] [6] [7] [8] [9] (./article.aux)
 ***********
LaTeX2e <2023-11-01> patch level 1
L3 programming layer <2024-02-13>
 ***********
Package rerunfilecheck Info: File `article.out' has not changed.
(rerunfilecheck)             Checksum: C4F62AAA21A07599815421912816E940;1744.
 ) 
Here is how much of TeX's memory you used:
 11216 strings out of 474142
 177389 string characters out of 5744617
 1969995 words of memory out of 5000000
 33361 multiletter control sequences out of 15000+600000
 587514 words of font info for 101 fonts, out of 8000000 for 9000
 1141 hyphenation exceptions out of 8191
 75i,12n,79p,542b,460s stack positions out of 10000i,1000n,20000p,200000b,200000s
</usr/local/texlive/2023/texmf-dist/fonts/type1/public/amsfonts/cm/cmbx10.pfb></usr/local/texlive/2023/texmf-dist/fonts/type1/public/amsfonts/cm/cmbx7.pfb></usr/local/texlive/2023/texmf-dist/fonts/type1/public/amsfonts/cm/cmex10.pfb></usr/local/texlive/2023/texmf-dist/fonts/type1/public/amsfonts/cm/cmmi10.pfb></usr/local/texlive/2023/texmf-dist/fonts/type1/public/amsfonts/cm/cmmi5.pfb></usr/local/texlive/2023/texmf-dist/fonts/type1/public/amsfonts/cm/cmmi6.pfb></usr/local/texlive/2023/texmf-dist/fonts/type1/public/amsfonts/cm/cmmi7.pfb></usr/local/texlive/2023/texmf-dist/fonts/type1/public/amsfonts/cm/cmmi9.pfb></usr/local/texlive/2023/texmf-dist/fonts/type1/public/amsfonts/cm/cmr10.pfb></usr/local/texlive/2023/texmf-dist/fonts/type1/public/amsfonts/cm/cmr7.pfb></usr/local/texlive/2023/texmf-dist/fonts/type1/public/amsfonts/cm/cmsy10.pfb></usr/local/texlive/2023/texmf-dist/fonts/type1/public/amsfonts/cm/cmsy7.pfb></usr/local/texlive/2023/texmf-dist/fonts/type1/public/amsfonts/symbols/msbm10.pfb></usr/local/texlive/2023/texmf-dist/fonts/type1/urw/courier/ucrr8a.pfb></usr/local/texlive/2023/texmf-dist/fonts/type1/urw/times/utmb8a.pfb></usr/local/texlive/2023/texmf-dist/fonts/type1/urw/times/utmbi8a.pfb></usr/local/texlive/2023/texmf-dist/fonts/type1/urw/times/utmr8a.pfb></usr/local/texlive/2023/texmf-dist/fonts/type1/urw/times/utmri8a.pfb>
Output written on article.pdf (9 pages, 411619 bytes).
PDF statistics:
 233 PDF objects out of 1000 (max. 8388607)
 173 compressed objects within 2 object streams
 36 named destinations out of 1000 (max. 500000)
 103 words of extra memory for PDF output out of 10000 (max. 10000000)

